TEEXGRAPH SOLUTION
Performing DBLP Dataset
Diameter value: 23
322,433
327,432
325,757
327,519
328,361
327,297
326,931
325,752
326,453
328,655


Performing YouTube Dataset
Diameter value: 24
4476,01
4436,13
4394,22
4393,37
4402,78
4398,33
4411,56
4422,83
4426,36
4420,32


Performing Flick Dataset 
Diameter value: 10
547,561
547,35
546,548
543,419
535,911
537,793
537,652
536,937
537,573
538,698


Performing Facebook Dataset 
Diameter value: 8
0,056615
0,052165
0,0519165
0,0519039
0,0519831
0,0518671
0,0518895
0,0518643
0,0518203
0,05184


Performing FB Artist Dataset 
Diameter value: 11
9,83527
9,81144
9,80951
9,80691
9,80665
9,80408
9,80264
9,803
9,8085
9,79466


Performing FB Politician Dataset 
Diameter value: 14
0,0737556
0,0708239
0,0707258
0,0706783
0,0706847
0,0707629
0,0706486
0,0706627
0,0708428
0,0706798
